<?xml version="1.0" encoding="utf-8"?><testsuites><testsuite name="pytest" errors="0" failures="0" skipped="0" tests="105" time="48.212" timestamp="2025-05-22T18:41:01.797069+01:00" hostname="LAPTOP-MI21NKQH"><testcase classname="tests.test_agent_system.TestAgentInitialization" name="test_agent_initialization_success" time="0.132" /><testcase classname="tests.test_agent_system.TestAgentInitialization" name="test_agent_initialization_missing_api_key" time="0.003" /><testcase classname="tests.test_agent_system.TestAgentInitialization" name="test_agent_initialization_with_ssh_runner" time="0.010" /><testcase classname="tests.test_agent_system.TestAgentInitialization" name="test_agent_initialization_custom_prompts" time="0.008" /><testcase classname="tests.test_agent_system.TestAgentInitialization" name="test_agent_tool_configuration" time="0.009" /><testcase classname="tests.test_agent_system.TestAgentToolExecution" name="test_run_command_tool_with_ssh_runner" time="0.024" /><testcase classname="tests.test_agent_system.TestAgentToolExecution" name="test_run_command_tool_with_optimization" time="0.011" /><testcase classname="tests.test_agent_system.TestAgentToolExecution" name="test_run_command_tool_failure" time="0.011" /><testcase classname="tests.test_agent_system.TestAgentToolExecution" name="test_run_command_tool_exception" time="0.011" /><testcase classname="tests.test_agent_system.TestAgentToolExecution" name="test_rag_retrieve_tool" time="0.011" /><testcase classname="tests.test_agent_system.TestAgentToolExecution" name="test_rag_retrieve_tool_unavailable" time="0.009" /><testcase classname="tests.test_agent_system.TestAgentWorkflow" name="test_agent_streaming_workflow" time="0.009" /><testcase classname="tests.test_agent_system.TestAgentWorkflow" name="test_agent_state_management" time="0.009" /><testcase classname="tests.test_agent_system.TestAgentWorkflow" name="test_agent_error_handling_in_workflow" time="0.009" /><testcase classname="tests.test_agent_system.TestStreamingHandler" name="test_streaming_handler_initialization" time="0.001" /><testcase classname="tests.test_agent_system.TestStreamingHandler" name="test_streaming_handler_token_events" time="0.104" /><testcase classname="tests.test_agent_system.TestStreamingHandler" name="test_streaming_handler_thinking_events" time="0.117" /><testcase classname="tests.test_agent_system.TestStreamingHandler" name="test_streaming_handler_tool_events" time="0.108" /><testcase classname="tests.test_agent_system.TestStreamingHandler" name="test_streaming_handler_error_handling" time="0.004" /><testcase classname="tests.test_agent_system.TestAgentUtilities" name="test_load_prompts_from_file" time="0.009" /><testcase classname="tests.test_agent_system.TestAgentUtilities" name="test_load_prompts_file_not_found" time="0.002" /><testcase classname="tests.test_agent_system.TestAgentUtilities" name="test_load_prompts_json_error" time="0.003" /><testcase classname="tests.test_agent_system.TestAgentUtilities" name="test_optimize_command_comprehensive" time="0.001" /><testcase classname="tests.test_api_endpoints.TestSSHConnectionEndpoints" name="test_ssh_connect_endpoint_success" time="0.021" /><testcase classname="tests.test_api_endpoints.TestSSHConnectionEndpoints" name="test_ssh_connect_endpoint_failure" time="0.004" /><testcase classname="tests.test_api_endpoints.TestSSHConnectionEndpoints" name="test_ssh_connect_endpoint_with_key" time="0.005" /><testcase classname="tests.test_api_endpoints.TestSSHConnectionEndpoints" name="test_ssh_disconnect_endpoint" time="0.005" /><testcase classname="tests.test_api_endpoints.TestSSHConnectionEndpoints" name="test_ssh_connect_endpoint_malformed_request" time="10.018" /><testcase classname="tests.test_api_endpoints.TestSSHConnectionEndpoints" name="test_ssh_connect_endpoint_exception_handling" time="0.005" /><testcase classname="tests.test_api_endpoints.TestChatCompletionsEndpoint" name="test_chat_completions_endpoint_basic" time="0.010" /><testcase classname="tests.test_api_endpoints.TestChatCompletionsEndpoint" name="test_chat_completions_endpoint_with_ssh_runner" time="0.006" /><testcase classname="tests.test_api_endpoints.TestChatCompletionsEndpoint" name="test_chat_completions_endpoint_streaming_events" time="0.008" /><testcase classname="tests.test_api_endpoints.TestChatCompletionsEndpoint" name="test_chat_completions_endpoint_error_handling" time="0.006" /><testcase classname="tests.test_api_endpoints.TestChatCompletionsEndpoint" name="test_chat_completions_endpoint_custom_prompts" time="0.006" /><testcase classname="tests.test_api_endpoints.TestWebSocketTerminalEndpoint" name="test_websocket_terminal_no_ssh_connection" time="0.002" /><testcase classname="tests.test_api_endpoints.TestWebSocketTerminalEndpoint" name="test_websocket_terminal_ssh_transport_inactive" time="0.003" /><testcase classname="tests.test_api_endpoints.TestWebSocketTerminalEndpoint" name="test_websocket_terminal_successful_connection" time="0.002" /><testcase classname="tests.test_api_endpoints.TestWebSocketTerminalEndpoint" name="test_websocket_terminal_channel_creation_failure" time="0.003" /><testcase classname="tests.test_api_endpoints.TestWebSocketTerminalEndpoint" name="test_websocket_terminal_pty_failure" time="0.003" /><testcase classname="tests.test_api_endpoints.TestAPIIntegration" name="test_full_ssh_to_chat_workflow" time="0.011" /><testcase classname="tests.test_api_endpoints.TestAPIIntegration" name="test_api_error_propagation" time="0.006" /><testcase classname="tests.test_api_endpoints.TestAPIIntegration" name="test_concurrent_api_requests" time="0.013" /><testcase classname="tests.test_basic.TestBasicFunctionality" name="test_basic_assertion" time="0.001" /><testcase classname="tests.test_basic.TestBasicFunctionality" name="test_basic_math" time="0.001" /><testcase classname="tests.test_basic.TestBasicFunctionality" name="test_string_operations" time="0.001" /><testcase classname="tests.test_basic.TestBasicFunctionality" name="test_parametrized[1-2]" time="0.001" /><testcase classname="tests.test_basic.TestBasicFunctionality" name="test_parametrized[2-4]" time="0.001" /><testcase classname="tests.test_basic.TestBasicFunctionality" name="test_parametrized[3-6]" time="0.001" /><testcase classname="tests.test_basic.TestBasicFunctionality" name="test_parametrized[4-8]" time="0.001" /><testcase classname="tests.test_basic.TestFixtures" name="test_with_fixture" time="0.001" /><testcase classname="tests.test_basic.TestFixtures" name="test_with_mock_credentials" time="0.001" /><testcase classname="tests.test_basic" name="test_async_functionality" time="0.039" /><testcase classname="tests.test_command_execution.TestCommandExecution" name="test_basic_command_execution" time="1.310" /><testcase classname="tests.test_command_execution.TestCommandExecution" name="test_long_running_command" time="1.652" /><testcase classname="tests.test_command_execution.TestCommandExecution" name="test_command_with_error_output" time="1.309" /><testcase classname="tests.test_command_execution.TestCommandExecution" name="test_command_timeout" time="1.083" /><testcase classname="tests.test_command_execution.TestCommandExecution" name="test_no_terminal_available" time="0.001" /><testcase classname="tests.test_command_execution.TestCommandExecution" name="test_cli_prompt_detection" time="7.822" /><testcase classname="tests.test_command_execution.TestCommandOptimization" name="test_nmap_command_optimization" time="0.001" /><testcase classname="tests.test_command_execution.TestCommandOptimization" name="test_optimize_command_no_optimization_needed" time="0.001" /><testcase classname="tests.test_command_execution.TestCommandOptimization" name="test_optimize_command_edge_cases" time="0.001" /><testcase classname="tests.test_command_execution.TestTerminalOutputWaiting" name="test_wait_for_terminal_output_success" time="0.104" /><testcase classname="tests.test_command_execution.TestTerminalOutputWaiting" name="test_wait_for_terminal_output_timeout" time="1.518" /><testcase classname="tests.test_command_execution.TestTerminalOutputWaiting" name="test_wait_for_terminal_output_wrong_command_id" time="0.216" /><testcase classname="tests.test_command_execution.TestCommandExecutionEdgeCases" name="test_command_execution_buffer_overflow" time="1.327" /><testcase classname="tests.test_command_execution.TestCommandExecutionEdgeCases" name="test_command_execution_special_characters" time="6.519" /><testcase classname="tests.test_command_execution.TestCommandExecutionEdgeCases" name="test_command_execution_concurrent_commands" time="11.635" /><testcase classname="tests.test_framework_verification.TestFrameworkSetup" name="test_python_version" time="0.001" /><testcase classname="tests.test_framework_verification.TestFrameworkSetup" name="test_path_configuration" time="0.001" /><testcase classname="tests.test_framework_verification.TestFrameworkSetup" name="test_test_directory_structure" time="0.001" /><testcase classname="tests.test_framework_verification.TestFrameworkSetup" name="test_async_support" time="0.020" /><testcase classname="tests.test_framework_verification.TestFrameworkSetup" name="test_fixtures_available" time="0.001" /><testcase classname="tests.test_framework_verification.TestFrameworkSetup" name="test_mock_capabilities" time="0.001" /><testcase classname="tests.test_framework_verification.TestFrameworkSetup" name="test_parametrized_testing[hello-HELLO]" time="0.001" /><testcase classname="tests.test_framework_verification.TestFrameworkSetup" name="test_parametrized_testing[world-WORLD]" time="0.001" /><testcase classname="tests.test_framework_verification.TestFrameworkSetup" name="test_parametrized_testing[darkcircuit-DARKCIRCUIT]" time="0.001" /><testcase classname="tests.test_framework_verification.TestUtilityFunctions" name="test_ansi_stripping_logic" time="0.001" /><testcase classname="tests.test_framework_verification.TestUtilityFunctions" name="test_command_optimization_logic" time="0.001" /><testcase classname="tests.test_framework_verification.TestUtilityFunctions" name="test_cli_prompt_detection_logic" time="0.002" /><testcase classname="tests.test_framework_verification.TestErrorHandling" name="test_exception_handling" time="0.001" /><testcase classname="tests.test_framework_verification.TestErrorHandling" name="test_none_handling" time="0.001" /><testcase classname="tests.test_framework_verification.TestErrorHandling" name="test_async_exception_handling" time="0.027" /><testcase classname="tests.test_rag_system.TestRAGSystem" name="test_successful_document_retrieval" time="0.006" /><testcase classname="tests.test_rag_system.TestRAGSystem" name="test_empty_document_directory" time="0.002" /><testcase classname="tests.test_rag_system.TestRAGSystem" name="test_rag_caching_mechanism" time="0.004" /><testcase classname="tests.test_rag_system.TestRAGSystem" name="test_document_metadata_preservation" time="0.003" /><testcase classname="tests.test_rag_system.TestRAGSystem" name="test_custom_rag_parameters" time="0.004" /><testcase classname="tests.test_rag_system.TestRAGSystem" name="test_rag_directory_fallback" time="0.002" /><testcase classname="tests.test_rag_system.TestRAGSystem" name="test_multiple_pdf_processing" time="0.007" /><testcase classname="tests.test_rag_system.TestRAGIntegration" name="test_rag_retrieve_tool_integration" time="0.010" /><testcase classname="tests.test_rag_system.TestRAGIntegration" name="test_rag_retrieve_tool_unavailable" time="0.002" /><testcase classname="tests.test_rag_system.TestRAGIntegration" name="test_rag_error_handling" time="0.005" /><testcase classname="tests.test_ssh_connection.TestSSHConnectionManagement" name="test_successful_ssh_connection" time="0.002" /><testcase classname="tests.test_ssh_connection.TestSSHConnectionManagement" name="test_ssh_connection_invalid_credentials" time="0.002" /><testcase classname="tests.test_ssh_connection.TestSSHConnectionManagement" name="test_ssh_connection_unreachable_host" time="0.002" /><testcase classname="tests.test_ssh_connection.TestSSHConnectionManagement" name="test_ssh_connection_with_key_authentication" time="0.002" /><testcase classname="tests.test_ssh_connection.TestSSHConnectionManagement" name="test_ssh_connection_test_command_failure" time="0.002" /><testcase classname="tests.test_ssh_connection.TestSSHConnectionManagement" name="test_close_ssh_connection" time="0.001" /><testcase classname="tests.test_ssh_connection.TestSSHConnectionManagement" name="test_close_ssh_connection_with_exceptions" time="0.001" /><testcase classname="tests.test_ssh_connection.TestANSICodeStripping" name="test_strip_ansi_codes_basic" time="0.001" /><testcase classname="tests.test_ssh_connection.TestANSICodeStripping" name="test_strip_ansi_codes_non_string" time="0.001" /><testcase classname="tests.test_ssh_connection.TestANSICodeStripping" name="test_strip_ansi_codes_complex_sequences" time="0.001" /><testcase classname="tests.test_ssh_connection.TestSSHConnectionEdgeCases" name="test_ssh_connection_timeout_during_connect" time="0.001" /><testcase classname="tests.test_ssh_connection.TestSSHConnectionEdgeCases" name="test_ssh_connection_transport_failure" time="0.002" /><testcase classname="tests.test_ssh_connection.TestSSHConnectionEdgeCases" name="test_ssh_connection_existing_connection_cleanup" time="0.016" /></testsuite></testsuites>